<?xml version="1.0" encoding="UTF-8"?>
<!-- Generated by org.testng.reporters.JUnitXMLReporter -->
<testsuite hostname="Raghib-Laptop" ignored="0" name="Default test" tests="3" failures="0" timestamp="2023-01-06T11:34:57 IST" time="30.416" errors="0">
  <testcase name="executeTest" time="15.546" classname="com.raghib.pomwithoutpagefactory.GoogleSearchPageTest"/>
  <testcase name="landingPage" time="0.539" classname="com.raghib.extentreport.ExtentReportDemo"/>
  <testcase name="executeTest" time="14.27" classname="com.raghib.pomwithoutpagefactory.GoogleSearchPageObjectsTest"/>
</testsuite> <!-- Default test -->
