<?xml version="1.0" encoding="UTF-8"?>
<!-- Generated by org.testng.reporters.JUnitXMLReporter -->
<testsuite ignored="0" hostname="DESKTOP-RHAVO5R" failures="0" tests="2" name="Test" time="16.419" errors="0" timestamp="2023-07-13T12:37:05 IST">
  <testcase classname="com.raghib.pomwithoutpagefactory.GoogleSearchPageTest" name="executeTest" time="8.381"/>
  <testcase classname="com.raghib.pomwithoutpagefactory.GoogleSearchPageObjectsTest" name="executeTest" time="7.941"/>
</testsuite> <!-- Test -->
