<?xml version="1.0" encoding="UTF-8"?>
<!-- Generated by org.testng.reporters.JUnitXMLReporter -->
<testsuite hostname="LAPTOP-NR1KSVT0" ignored="0" name="Test" tests="2" failures="0" timestamp="2021-04-03T19:26:04 IST" time="31.7" errors="0">
  <testcase name="executeTest" time="17.261" classname="com.raghib.pomwithoutpagefactory.GoogleSearchPageTest"/>
  <testcase name="executeTest" time="14.361" classname="com.raghib.pomwithoutpagefactory.GoogleSearchPageObjectsTest"/>
</testsuite> <!-- Test -->
