<?xml version="1.0" encoding="UTF-8"?>
<!-- Generated by org.testng.reporters.JUnitXMLReporter -->
<testsuite hostname="Raghib-Laptop" ignored="0" name="Command line test" tests="2" failures="0" timestamp="2023-01-06T11:26:45 IST" time="34.811" errors="0">
  <testcase name="executeTest" time="18.091" classname="com.raghib.pomwithoutpagefactory.GoogleSearchPageObjectsTest"/>
  <testcase name="executeTest" time="16.659" classname="com.raghib.pomwithoutpagefactory.GoogleSearchPageTest"/>
</testsuite> <!-- Command line test -->
