<?xml version="1.0" encoding="UTF-8"?>
<testng-results skipped="0" failed="0" ignored="0" total="2" passed="2">
  <reporter-output>
  </reporter-output>
  <suite name="Command line suite" duration-ms="34811" started-at="2023-01-06T11:26:10 IST" finished-at="2023-01-06T11:26:45 IST">
    <groups>
    </groups>
    <test name="Command line test" duration-ms="34811" started-at="2023-01-06T11:26:10 IST" finished-at="2023-01-06T11:26:45 IST">
      <class name="com.raghib.pomwithoutpagefactory.GoogleSearchPageTest">
        <test-method status="PASS" signature="executeTest()[pri:0, instance:com.raghib.pomwithoutpagefactory.GoogleSearchPageTest@31ef45e3]" name="executeTest" duration-ms="16659" started-at="2023-01-06T11:26:28 IST" finished-at="2023-01-06T11:26:45 IST">
          <reporter-output>
          </reporter-output>
        </test-method> <!-- executeTest -->
      </class> <!-- com.raghib.pomwithoutpagefactory.GoogleSearchPageTest -->
      <class name="com.raghib.pomwithoutpagefactory.GoogleSearchPageObjectsTest">
        <test-method status="PASS" signature="executeTest()[pri:0, instance:com.raghib.pomwithoutpagefactory.GoogleSearchPageObjectsTest@57fffcd7]" name="executeTest" duration-ms="18091" started-at="2023-01-06T11:26:10 IST" finished-at="2023-01-06T11:26:28 IST">
          <reporter-output>
          </reporter-output>
        </test-method> <!-- executeTest -->
      </class> <!-- com.raghib.pomwithoutpagefactory.GoogleSearchPageObjectsTest -->
    </test> <!-- Command line test -->
  </suite> <!-- Command line suite -->
</testng-results>
