<?xml version="1.0" encoding="UTF-8"?>
<testng-results ignored="0" total="1" passed="1" failed="0" skipped="0">
  <reporter-output>
  </reporter-output>
  <suite started-at="2023-07-13T12:38:13 IST" name="Default suite" finished-at="2023-07-13T12:38:14 IST" duration-ms="848">
    <groups>
    </groups>
    <test started-at="2023-07-13T12:38:13 IST" name="Default test" finished-at="2023-07-13T12:38:14 IST" duration-ms="848">
      <class name="com.raghib.extentreport.ExtentReportDemo">
        <test-method signature="landingPage()[pri:0, instance:com.raghib.extentreport.ExtentReportDemo@363ee3a2]" started-at="2023-07-13T12:38:13 IST" name="landingPage" finished-at="2023-07-13T12:38:14 IST" duration-ms="773" status="PASS">
          <reporter-output>
          </reporter-output>
        </test-method> <!-- landingPage -->
      </class> <!-- com.raghib.extentreport.ExtentReportDemo -->
    </test> <!-- Default test -->
  </suite> <!-- Default suite -->
</testng-results>
